[debug] [2020-07-24T09:29:55.851Z] ----------------------------------------------------------------------
[debug] [2020-07-24T09:29:55.854Z] Command:       /home/sdr/.nvm/versions/node/v10.19.0/bin/node /home/sdr/.nvm/versions/node/v10.19.0/bin/firebase emulators:start --only functions,database --import=./owm-a7-fb-emulator
[debug] [2020-07-24T09:29:55.854Z] CLI Version:   8.6.0
[debug] [2020-07-24T09:29:55.854Z] Platform:      linux
[debug] [2020-07-24T09:29:55.854Z] Node Version:  v10.19.0
[debug] [2020-07-24T09:29:55.857Z] Time:          Fri Jul 24 2020 10:29:55 GMT+0100 (British Summer Time)
[debug] [2020-07-24T09:29:55.857Z] ----------------------------------------------------------------------
[debug] [2020-07-24T09:29:55.857Z] 
[debug] [2020-07-24T09:29:55.867Z] > command requires scopes: ["email","openid","https://www.googleapis.com/auth/cloudplatformprojects.readonly","https://www.googleapis.com/auth/firebase","https://www.googleapis.com/auth/cloud-platform"]
[debug] [2020-07-24T09:29:55.868Z] > authorizing via signed-in user
[info] i  emulators: Starting emulators: functions, database {"metadata":{"emulator":{"name":"hub"},"message":"Starting emulators: functions, database"}}
[debug] [2020-07-24T09:29:55.885Z] [hub] writing locator at /tmp/hub-owm-a9-fb.json
[debug] [2020-07-24T09:29:55.910Z] defaultcredentials: writing to file /home/sdr/.config/firebase/ztchernev_gmail_com_application_default_credentials.json
[debug] [2020-07-24T09:29:55.912Z] Setting GAC to /home/sdr/.config/firebase/ztchernev_gmail_com_application_default_credentials.json {"metadata":{"emulator":{"name":"functions"},"message":"Setting GAC to /home/sdr/.config/firebase/ztchernev_gmail_com_application_default_credentials.json"}}
[warn] ⚠  functions: The following emulators are not running, calls to these services from the Functions emulator will affect production: firestore, hosting, pubsub {"metadata":{"emulator":{"name":"functions"},"message":"The following emulators are not running, calls to these services from the Functions emulator will affect production: \u001b[1mfirestore, hosting, pubsub\u001b[22m"}}
[info] ✔  functions: Using node@10 from host. {"metadata":{"emulator":{"name":"functions"},"message":"Using node@10 from host."}}
[debug] [2020-07-24T09:29:55.926Z] database rules config:  [{"rules":"database.rules.json","instance":"owm-a9-fb"}]
[debug] [2020-07-24T09:29:55.931Z] Ignoring unsupported arg: projectId {"metadata":{"emulator":{"name":"database"},"message":"Ignoring unsupported arg: projectId"}}
[debug] [2020-07-24T09:29:55.931Z] Ignoring unsupported arg: auto_download {"metadata":{"emulator":{"name":"database"},"message":"Ignoring unsupported arg: auto_download"}}
[debug] [2020-07-24T09:29:55.931Z] Ignoring unsupported arg: rules {"metadata":{"emulator":{"name":"database"},"message":"Ignoring unsupported arg: rules"}}
[debug] [2020-07-24T09:29:55.931Z] Starting Database Emulator with command {"binary":"java","args":["-Duser.language=en","-jar","/home/sdr/.cache/firebase/emulators/firebase-database-emulator-v4.5.0.jar","--host","192.168.1.15","--port",9000,"--functions_emulator_host","192.168.1.15","--functions_emulator_port",5001],"optionalArgs":["port","host","functions_emulator_port","functions_emulator_host"],"joinArgs":false} {"metadata":{"emulator":{"name":"database"},"message":"Starting Database Emulator with command {\"binary\":\"java\",\"args\":[\"-Duser.language=en\",\"-jar\",\"/home/sdr/.cache/firebase/emulators/firebase-database-emulator-v4.5.0.jar\",\"--host\",\"192.168.1.15\",\"--port\",9000,\"--functions_emulator_host\",\"192.168.1.15\",\"--functions_emulator_port\",5001],\"optionalArgs\":[\"port\",\"host\",\"functions_emulator_port\",\"functions_emulator_host\"],\"joinArgs\":false}"}}
[info] i  database: Database Emulator logging to database-debug.log {"metadata":{"emulator":{"name":"database"},"message":"Database Emulator logging to \u001b[1mdatabase-debug.log\u001b[22m"}}
[debug] [2020-07-24T09:29:58.058Z] 10:29:58.056 [NamespaceSystem-akka.actor.default-dispatcher-5] INFO akka.event.slf4j.Slf4jLogger - Slf4jLogger started
 {"metadata":{"emulator":{"name":"database"},"message":"10:29:58.056 [NamespaceSystem-akka.actor.default-dispatcher-5] INFO akka.event.slf4j.Slf4jLogger - Slf4jLogger started\n"}}
[debug] [2020-07-24T09:29:58.288Z] 10:29:58.288 [main] INFO com.firebase.server.forge.App$ - Listening at 192.168.1.15:9000
 {"metadata":{"emulator":{"name":"database"},"message":"10:29:58.288 [main] INFO com.firebase.server.forge.App$ - Listening at 192.168.1.15:9000\n"}}
[info] i  database: Importing data from /home/sdr/projects/owm-a9-fb/firebase/owm-a7-fb-emulator/database_export/emulator.json {"metadata":{"emulator":{"name":"database"},"message":"Importing data from /home/sdr/projects/owm-a9-fb/firebase/owm-a7-fb-emulator/database_export/emulator.json"}}
[debug] [2020-07-24T09:29:59.561Z] Ignoring unsupported arg: auto_download {"metadata":{"emulator":{"name":"ui"},"message":"Ignoring unsupported arg: auto_download"}}
[debug] [2020-07-24T09:29:59.561Z] Ignoring unsupported arg: port {"metadata":{"emulator":{"name":"ui"},"message":"Ignoring unsupported arg: port"}}
[debug] [2020-07-24T09:29:59.561Z] Starting Emulator UI with command {"binary":"node","args":["/home/sdr/.cache/firebase/emulators/ui-v1.1.1/server.bundle.js"],"optionalArgs":[],"joinArgs":false} {"metadata":{"emulator":{"name":"ui"},"message":"Starting Emulator UI with command {\"binary\":\"node\",\"args\":[\"/home/sdr/.cache/firebase/emulators/ui-v1.1.1/server.bundle.js\"],\"optionalArgs\":[],\"joinArgs\":false}"}}
[info] i  ui: Emulator UI logging to ui-debug.log {"metadata":{"emulator":{"name":"ui"},"message":"Emulator UI logging to \u001b[1mui-debug.log\u001b[22m"}}
[debug] [2020-07-24T09:29:59.737Z] Web / API server started at http://localhost:4000
 {"metadata":{"emulator":{"name":"ui"},"message":"Web / API server started at http://localhost:4000\n"}}
[info] i  functions: Watching "/home/sdr/projects/owm-a9-fb/firebase/functions" for Cloud Functions... {"metadata":{"emulator":{"name":"functions"},"message":"Watching \"/home/sdr/projects/owm-a9-fb/firebase/functions\" for Cloud Functions..."}}
[debug] [2020-07-24T09:29:59.832Z] [worker-pool] addWorker(~diagnostic~) {"metadata":{"emulator":{"name":"functions"},"message":"[worker-pool] addWorker(~diagnostic~)"}}
[debug] [2020-07-24T09:29:59.832Z] [worker-pool] Adding worker with key ~diagnostic~, total=1 {"metadata":{"emulator":{"name":"functions"},"message":"[worker-pool] Adding worker with key ~diagnostic~, total=1"}}
[debug] [2020-07-24T09:29:59.832Z] [worker-pool] submitWork(triggerId=) {"metadata":{"emulator":{"name":"functions"},"message":"[worker-pool] submitWork(triggerId=)"}}
[debug] [2020-07-24T09:29:59.833Z] [worker-~diagnostic~-c2c24099-76e6-486d-a716-ce90229e8d3d]: Assigning socketPath: /tmp/fire_emu_2205.sock {"metadata":{"emulator":{"name":"functions"},"message":"[worker-~diagnostic~-c2c24099-76e6-486d-a716-ce90229e8d3d]: Assigning socketPath: /tmp/fire_emu_2205.sock"}}
[debug] [2020-07-24T09:29:59.833Z] [worker-~diagnostic~-c2c24099-76e6-486d-a716-ce90229e8d3d]: BUSY {"metadata":{"emulator":{"name":"functions"},"message":"[worker-~diagnostic~-c2c24099-76e6-486d-a716-ce90229e8d3d]: BUSY"}}
[debug] [2020-07-24T09:30:00.078Z] [runtime-status] [2205] Functions runtime initialized. {"cwd":"/home/sdr/projects/owm-a9-fb/firebase/functions","node_version":"10.19.0"} {"metadata":{"emulator":{"name":"functions"},"message":"[runtime-status] [2205] Functions runtime initialized. {\"cwd\":\"/home/sdr/projects/owm-a9-fb/firebase/functions\",\"node_version\":\"10.19.0\"}"}}
[debug] [2020-07-24T09:30:00.079Z] [runtime-status] [2205] Disabled runtime features: undefined {"metadata":{"emulator":{"name":"functions"},"message":"[runtime-status] [2205] Disabled runtime features: undefined"}}
[debug] [2020-07-24T09:30:00.081Z] [runtime-status] [2205] Resolved module firebase-admin {"declared":true,"installed":true,"version":"8.10.0","resolution":"/home/sdr/projects/owm-a9-fb/firebase/functions/node_modules/firebase-admin/lib/index.js"} {"metadata":{"emulator":{"name":"functions"},"message":"[runtime-status] [2205] Resolved module firebase-admin {\"declared\":true,\"installed\":true,\"version\":\"8.10.0\",\"resolution\":\"/home/sdr/projects/owm-a9-fb/firebase/functions/node_modules/firebase-admin/lib/index.js\"}"}}
[debug] [2020-07-24T09:30:00.084Z] [runtime-status] [2205] Resolved module firebase-functions {"declared":true,"installed":true,"version":"3.6.0","resolution":"/home/sdr/projects/owm-a9-fb/firebase/functions/node_modules/firebase-functions/lib/index.js"} {"metadata":{"emulator":{"name":"functions"},"message":"[runtime-status] [2205] Resolved module firebase-functions {\"declared\":true,\"installed\":true,\"version\":\"3.6.0\",\"resolution\":\"/home/sdr/projects/owm-a9-fb/firebase/functions/node_modules/firebase-functions/lib/index.js\"}"}}
[debug] [2020-07-24T09:30:00.086Z] [runtime-status] [2205] Resolved module firebase-functions {"declared":true,"installed":true,"version":"3.6.0","resolution":"/home/sdr/projects/owm-a9-fb/firebase/functions/node_modules/firebase-functions/lib/index.js"} {"metadata":{"emulator":{"name":"functions"},"message":"[runtime-status] [2205] Resolved module firebase-functions {\"declared\":true,\"installed\":true,\"version\":\"3.6.0\",\"resolution\":\"/home/sdr/projects/owm-a9-fb/firebase/functions/node_modules/firebase-functions/lib/index.js\"}"}}
[debug] [2020-07-24T09:30:00.091Z] [runtime-status] [2205] Outgoing network have been stubbed. [{"name":"http","status":"mocked"},{"name":"http","status":"mocked"},{"name":"https","status":"mocked"},{"name":"https","status":"mocked"},{"name":"net","status":"mocked"}] {"metadata":{"emulator":{"name":"functions"},"message":"[runtime-status] [2205] Outgoing network have been stubbed. [{\"name\":\"http\",\"status\":\"mocked\"},{\"name\":\"http\",\"status\":\"mocked\"},{\"name\":\"https\",\"status\":\"mocked\"},{\"name\":\"https\",\"status\":\"mocked\"},{\"name\":\"net\",\"status\":\"mocked\"}]"}}
[debug] [2020-07-24T09:30:00.091Z] [runtime-status] [2205] Resolved module firebase-functions {"declared":true,"installed":true,"version":"3.6.0","resolution":"/home/sdr/projects/owm-a9-fb/firebase/functions/node_modules/firebase-functions/lib/index.js"} {"metadata":{"emulator":{"name":"functions"},"message":"[runtime-status] [2205] Resolved module firebase-functions {\"declared\":true,\"installed\":true,\"version\":\"3.6.0\",\"resolution\":\"/home/sdr/projects/owm-a9-fb/firebase/functions/node_modules/firebase-functions/lib/index.js\"}"}}
[debug] [2020-07-24T09:30:00.140Z] [runtime-status] [2205] Checked functions.config() {"config":{}} {"metadata":{"emulator":{"name":"functions"},"message":"[runtime-status] [2205] Checked functions.config() {\"config\":{}}"}}
[debug] [2020-07-24T09:30:00.141Z] [runtime-status] [2205] firebase-functions has been stubbed. {"functionsResolution":{"declared":true,"installed":true,"version":"3.6.0","resolution":"/home/sdr/projects/owm-a9-fb/firebase/functions/node_modules/firebase-functions/lib/index.js"}} {"metadata":{"emulator":{"name":"functions"},"message":"[runtime-status] [2205] firebase-functions has been stubbed. {\"functionsResolution\":{\"declared\":true,\"installed\":true,\"version\":\"3.6.0\",\"resolution\":\"/home/sdr/projects/owm-a9-fb/firebase/functions/node_modules/firebase-functions/lib/index.js\"}}"}}
[debug] [2020-07-24T09:30:00.141Z] [runtime-status] [2205] Resolved module firebase-functions {"declared":true,"installed":true,"version":"3.6.0","resolution":"/home/sdr/projects/owm-a9-fb/firebase/functions/node_modules/firebase-functions/lib/index.js"} {"metadata":{"emulator":{"name":"functions"},"message":"[runtime-status] [2205] Resolved module firebase-functions {\"declared\":true,\"installed\":true,\"version\":\"3.6.0\",\"resolution\":\"/home/sdr/projects/owm-a9-fb/firebase/functions/node_modules/firebase-functions/lib/index.js\"}"}}
[debug] [2020-07-24T09:30:00.142Z] [runtime-status] [2205] Resolved module firebase-admin {"declared":true,"installed":true,"version":"8.10.0","resolution":"/home/sdr/projects/owm-a9-fb/firebase/functions/node_modules/firebase-admin/lib/index.js"} {"metadata":{"emulator":{"name":"functions"},"message":"[runtime-status] [2205] Resolved module firebase-admin {\"declared\":true,\"installed\":true,\"version\":\"8.10.0\",\"resolution\":\"/home/sdr/projects/owm-a9-fb/firebase/functions/node_modules/firebase-admin/lib/index.js\"}"}}
[debug] [2020-07-24T09:30:00.142Z] [runtime-status] [2205] Resolved module firebase-functions {"declared":true,"installed":true,"version":"3.6.0","resolution":"/home/sdr/projects/owm-a9-fb/firebase/functions/node_modules/firebase-functions/lib/index.js"} {"metadata":{"emulator":{"name":"functions"},"message":"[runtime-status] [2205] Resolved module firebase-functions {\"declared\":true,\"installed\":true,\"version\":\"3.6.0\",\"resolution\":\"/home/sdr/projects/owm-a9-fb/firebase/functions/node_modules/firebase-functions/lib/index.js\"}"}}
[debug] [2020-07-24T09:30:00.142Z] [runtime-status] [2205] firebase-admin has been stubbed. {"adminResolution":{"declared":true,"installed":true,"version":"8.10.0","resolution":"/home/sdr/projects/owm-a9-fb/firebase/functions/node_modules/firebase-admin/lib/index.js"}} {"metadata":{"emulator":{"name":"functions"},"message":"[runtime-status] [2205] firebase-admin has been stubbed. {\"adminResolution\":{\"declared\":true,\"installed\":true,\"version\":\"8.10.0\",\"resolution\":\"/home/sdr/projects/owm-a9-fb/firebase/functions/node_modules/firebase-admin/lib/index.js\"}}"}}
[debug] [2020-07-24T09:30:00.148Z] addDatabaseTrigger "{\"name\":\"projects/owm-a9-fb/locations/_/functions/owmOnWrite\",\"path\":\"/owm/{cityId}/updated\",\"event\":\"providers/google.firebase.database/eventTypes/ref.write\",\"topic\":\"projects/owm-a9-fb/topics/owmOnWrite\"}"
[debug] [2020-07-24T09:30:00.149Z] >>> HTTP REQUEST POST http://192.168.1.15:9000/.settings/functionTriggers.json?ns=owm-a9-fb  
 {"name":"projects/owm-a9-fb/locations/_/functions/owmOnWrite","path":"/owm/{cityId}/updated","event":"providers/google.firebase.database/eventTypes/ref.write","topic":"projects/owm-a9-fb/topics/owmOnWrite"}
[debug] [2020-07-24T09:30:00.153Z] [worker-~diagnostic~-c2c24099-76e6-486d-a716-ce90229e8d3d]: IDLE {"metadata":{"emulator":{"name":"functions"},"message":"[worker-~diagnostic~-c2c24099-76e6-486d-a716-ce90229e8d3d]: IDLE"}}
[debug] [2020-07-24T09:30:00.252Z] <<< HTTP RESPONSE 200 {"content-length":"15","content-type":"application/json; charset=utf-8","access-control-allow-origin":"*","cache-control":"no-cache","x-firebase-project-id":"owm-a9-fb","x-firebase-project-number":"123456789","x-firebase-uuid":"262bbc8a-cfb3-4901-a4c0-a2e223ba3e74"}
[debug] [2020-07-24T09:30:00.253Z] addDatabaseTrigger "{\"name\":\"projects/owm-a9-fb/locations/_/functions/citiesOnWriteUpdate\",\"path\":\"/cities/{cityId}/u\",\"event\":\"providers/google.firebase.database/eventTypes/ref.write\",\"topic\":\"projects/owm-a9-fb/topics/citiesOnWriteUpdate\"}"
[debug] [2020-07-24T09:30:00.253Z] >>> HTTP REQUEST POST http://192.168.1.15:9000/.settings/functionTriggers.json?ns=owm-a9-fb  
 {"name":"projects/owm-a9-fb/locations/_/functions/citiesOnWriteUpdate","path":"/cities/{cityId}/u","event":"providers/google.firebase.database/eventTypes/ref.write","topic":"projects/owm-a9-fb/topics/citiesOnWriteUpdate"}
[debug] [2020-07-24T09:30:00.272Z] <<< HTTP RESPONSE 200 {"content-length":"15","content-type":"application/json; charset=utf-8","access-control-allow-origin":"*","cache-control":"no-cache","x-firebase-project-id":"owm-a9-fb","x-firebase-project-number":"123456789","x-firebase-uuid":"262bbc8a-cfb3-4901-a4c0-a2e223ba3e74"}
[debug] [2020-07-24T09:30:00.273Z] addDatabaseTrigger "{\"name\":\"projects/owm-a9-fb/locations/_/functions/citiesOnWriteRead\",\"path\":\"/cities/{cityId}/r\",\"event\":\"providers/google.firebase.database/eventTypes/ref.write\",\"topic\":\"projects/owm-a9-fb/topics/citiesOnWriteRead\"}"
[debug] [2020-07-24T09:30:00.273Z] >>> HTTP REQUEST POST http://192.168.1.15:9000/.settings/functionTriggers.json?ns=owm-a9-fb  
 {"name":"projects/owm-a9-fb/locations/_/functions/citiesOnWriteRead","path":"/cities/{cityId}/r","event":"providers/google.firebase.database/eventTypes/ref.write","topic":"projects/owm-a9-fb/topics/citiesOnWriteRead"}
[debug] [2020-07-24T09:30:00.290Z] <<< HTTP RESPONSE 200 {"content-length":"15","content-type":"application/json; charset=utf-8","access-control-allow-origin":"*","cache-control":"no-cache","x-firebase-project-id":"owm-a9-fb","x-firebase-project-number":"123456789","x-firebase-uuid":"262bbc8a-cfb3-4901-a4c0-a2e223ba3e74"}
[info] ✔  functions[test]: http function initialized (http://192.168.1.15:5001/owm-a9-fb/us-central1/test). {"metadata":{"emulator":{"name":"functions"},"message":"\u001b[1mhttp\u001b[22m function initialized (http://192.168.1.15:5001/owm-a9-fb/us-central1/test)."}}
[info] ✔  functions[getip]: http function initialized (http://192.168.1.15:5001/owm-a9-fb/us-central1/getip). {"metadata":{"emulator":{"name":"functions"},"message":"\u001b[1mhttp\u001b[22m function initialized (http://192.168.1.15:5001/owm-a9-fb/us-central1/getip)."}}
[info] ✔  functions[owmOnWrite]: database function initialized. {"metadata":{"emulator":{"name":"functions"},"message":"\u001b[1mdatabase\u001b[22m function initialized."}}
[info] ✔  functions[citiesOnWriteUpdate]: database function initialized. {"metadata":{"emulator":{"name":"functions"},"message":"\u001b[1mdatabase\u001b[22m function initialized."}}
[info] ✔  functions[citiesOnWriteRead]: database function initialized. {"metadata":{"emulator":{"name":"functions"},"message":"\u001b[1mdatabase\u001b[22m function initialized."}}
[info] 
┌───────────────────────────────────────────────────────────────────────┐
│ ✔  All emulators ready! View status and logs at http://localhost:4000 │
└───────────────────────────────────────────────────────────────────────┘

┌───────────┬───────────────────┬─────────────────────────────────┐
│ Emulator  │ Host:Port         │ View in Emulator UI             │
├───────────┼───────────────────┼─────────────────────────────────┤
│ Functions │ 192.168.1.15:5001 │ http://localhost:4000/functions │
├───────────┼───────────────────┼─────────────────────────────────┤
│ Database  │ 192.168.1.15:9000 │ http://localhost:4000/database  │
└───────────┴───────────────────┴─────────────────────────────────┘
  Other reserved ports: 4400, 4500

Issues? Report them at https://github.com/firebase/firebase-tools/issues and attach the *-debug.log files.
 
